2022-10-24 15:16:05 SUCCESS Акаунт 79615597720 запустився успішно
2022-10-24 15:16:05 INFO Вступив у https://t.me/immachinetr
2022-10-24 15:16:05 SUCCESS Акаунт 79615605181 запустився успішно
2022-10-24 15:16:05 INFO Вступив у https://t.me/immachinetr
2022-10-24 15:16:08 SUCCESS Акаунт 79615606369 запустився успішно
2022-10-24 15:16:08 INFO Вступив у https://t.me/immachinetr
2022-10-24 15:16:08 SUCCESS Акаунт 79615609254 запустився успішно
2022-10-24 15:16:08 INFO Вступив у https://t.me/immachinetr
2022-10-24 15:16:08 SUCCESS Акаунт 79615609310 запустився успішно
2022-10-24 15:16:08 INFO Вступив у https://t.me/immachinetr
2022-10-24 15:16:10 SUCCESS Акаунт 79615609567 запустився успішно
2022-10-24 15:16:10 INFO Вступив у https://t.me/immachinetr
2022-10-24 15:16:10 INFO Все готово, починаю постинг!
2022-10-24 15:16:10 INFO Надіслано повідомлень (1 з 14)
2022-10-24 15:16:13 INFO Надіслано повідомлень (2 з 14)
2022-10-24 15:16:22 INFO Надіслано повідомлень (3 з 14)
2022-10-24 15:16:23 INFO Надіслано повідомлень (4 з 14)
2022-10-24 15:16:26 INFO Надіслано повідомлень (5 з 14)
2022-10-24 15:16:27 INFO Надіслано повідомлень (6 з 14)
2022-10-24 15:16:28 INFO Надіслано повідомлень (7 з 14)
2022-10-24 15:16:31 INFO Надіслано повідомлень (8 з 14)
2022-10-24 15:16:33 INFO Надіслано повідомлень (9 з 14)
2022-10-24 15:16:35 INFO Надіслано повідомлень (10 з 14)
2022-10-24 15:16:37 INFO Надіслано повідомлень (11 з 14)
2022-10-24 15:16:40 INFO Надіслано повідомлень (12 з 14)
2022-10-24 15:16:42 INFO Надіслано повідомлень (13 з 14)
2022-10-24 15:16:44 INFO Надіслано повідомлень (14 з 14)
2022-10-24 15:16:48 INFO --END_SCRIPT--
