2022-10-25 10:20:42 INFO Стартую потоки.
2022-10-25 10:20:43 SUCCESS Акаунт 79615597720 запустився успішно
2022-10-25 10:20:43 INFO Оновлюю ім'я у акаунта!
2022-10-25 10:20:44 INFO Видаляю старі фото профілю акаунта
2022-10-25 10:20:44 INFO Оновлюю аватарку акаунта!
2022-10-25 10:20:45 INFO Обновляю юзернейм аккаунта.
2022-10-25 10:20:45 INFO Стартую потоки.
2022-10-25 10:20:45 SUCCESS Акаунт 79615605181 запустився успішно
2022-10-25 10:20:45 INFO Оновлюю ім'я у акаунта!
2022-10-25 10:20:46 INFO Видаляю старі фото профілю акаунта
2022-10-25 10:20:47 INFO Оновлюю аватарку акаунта!
2022-10-25 10:20:47 INFO Обновляю юзернейм аккаунта.
2022-10-25 10:20:47 INFO Стартую потоки.
2022-10-25 10:20:47 SUCCESS Акаунт 79615606369 запустився успішно
2022-10-25 10:20:48 INFO Оновлюю ім'я у акаунта!
2022-10-25 10:20:48 INFO Видаляю старі фото профілю акаунта
2022-10-25 10:20:49 INFO Оновлюю аватарку акаунта!
2022-10-25 10:20:49 INFO Обновляю юзернейм аккаунта.
2022-10-25 10:20:49 INFO Стартую потоки.
2022-10-25 10:20:49 SUCCESS Акаунт 79615609254 запустився успішно
2022-10-25 10:20:50 INFO Оновлюю ім'я у акаунта!
2022-10-25 10:20:50 INFO Видаляю старі фото профілю акаунта
2022-10-25 10:20:51 INFO Оновлюю аватарку акаунта!
2022-10-25 10:20:51 INFO Обновляю юзернейм аккаунта.
2022-10-25 10:20:51 INFO --END_SCRIPT--
