2022-11-13 19:55:10 INFO GET /
2022-11-13 19:55:10 INFO GET /
2022-11-13 19:55:11 INFO GET /
2022-11-13 19:55:11 INFO GET /
2022-11-13 19:55:17 INFO GET /
2022-11-13 19:55:17 INFO GET /
2022-11-13 20:00:16 INFO GET /
2022-11-13 20:00:16 INFO GET /static/styles/style.css
2022-11-13 20:00:16 INFO GET /static/imgs/rompegram_logo.png
2022-11-13 20:00:17 INFO GET /static/scripts/main.js
2022-11-13 20:00:17 INFO GET /static/styles/style.css
2022-11-13 20:00:17 INFO GET /static/imgs/rompegram_icon.png
2022-11-13 20:00:17 INFO GET /static/imgs/rompegram_icon.png
2022-11-13 20:00:17 INFO GET /favicon.ico
2022-11-13 20:00:17 ERROR Page /favicon.ico not found
2022-11-13 23:10:35 INFO GET /accounts
2022-11-13 23:10:40 INFO GET /static/imgs/rompegram_logo.png
2022-11-13 23:10:40 INFO GET /static/styles/style.css
2022-11-13 23:10:40 INFO GET /static/imgs/1190584904.jpg
2022-11-13 23:10:40 INFO GET /static/imgs/190444089.jpg
2022-11-13 23:10:40 INFO GET /static/imgs/1681893477.png
2022-11-13 23:10:40 INFO GET /static/imgs/2106524093.png
2022-11-13 23:10:40 INFO GET /static/scripts/accounts.js
2022-11-13 23:10:40 INFO GET /static/scripts/accounts_filter.js
2022-11-13 23:10:42 INFO GET /static/imgs/1775695916.jpg
2022-11-13 23:10:42 INFO GET /static/imgs/285262722.jpg
2022-11-13 23:10:42 INFO GET /static/imgs/545605739.jpg
2022-11-13 23:10:42 INFO GET /static/imgs/998237924.jpg
2022-11-13 23:10:43 ERROR Page /static/imgs/1775695916.jpg not found
2022-11-13 23:10:43 ERROR Page /static/imgs/285262722.jpg not found
2022-11-13 23:10:44 INFO GET /static/imgs/546515070.jpg
2022-11-13 23:10:44 INFO GET /static/imgs/5059220226.png
2022-11-13 23:10:44 INFO GET /static/imgs/rompegram_icon.png
2022-11-13 23:10:46 INFO GET /api/check_account
2022-11-13 23:10:46 INFO GET /api/check_account
2022-11-13 23:10:47 INFO Trying to check 6281339533852...
2022-11-13 23:10:48 INFO Trying to check 5511966855324...
2022-11-13 23:10:49 INFO Detect that account 5511966855324 is normal
2022-11-13 23:10:49 INFO Detect that account 6281339533852 is normal
2022-11-13 23:11:47 INFO GET /accounts
2022-11-13 23:11:50 INFO GET /static/styles/style.css
2022-11-13 23:11:50 INFO GET /static/scripts/accounts.js
2022-11-13 23:11:50 INFO GET /static/imgs/1190584904.jpg
2022-11-13 23:11:51 INFO GET /static/imgs/190444089.jpg
2022-11-13 23:11:51 INFO GET /static/imgs/998237924.jpg
2022-11-13 23:11:51 INFO GET /static/imgs/2106524093.png
2022-11-13 23:11:51 INFO GET /static/imgs/1681893477.png
2022-11-13 23:11:55 INFO GET /static/scripts/accounts_filter.js
2022-11-13 23:11:55 INFO GET /static/imgs/rompegram_logo.png
2022-11-13 23:11:55 INFO GET /static/imgs/1775695916.jpg
2022-11-13 23:11:55 INFO GET /static/imgs/285262722.jpg
2022-11-13 23:11:55 INFO GET /static/imgs/545605739.jpg
2022-11-13 23:12:08 ERROR Page /static/imgs/285262722.jpg not found
2022-11-13 23:12:08 ERROR Page /static/imgs/1775695916.jpg not found
2022-11-13 23:12:08 INFO GET /static/imgs/546515070.jpg
2022-11-13 23:12:08 INFO GET /static/imgs/5059220226.png
2022-11-13 23:12:08 INFO GET /static/imgs/rompegram_icon.png
2022-11-13 23:12:16 INFO GET /static/imgs/rompegram_icon.png
2022-11-13 23:12:19 INFO GET /api/check_account
2022-11-13 23:12:19 INFO GET /api/check_account
2022-11-13 23:12:19 INFO GET /api/check_account
2022-11-13 23:12:19 INFO GET /api/check_account
2022-11-13 23:12:24 INFO Trying to check 79615597720...
2022-11-13 23:12:24 INFO Trying to check 6281340801501...
2022-11-13 23:12:24 INFO Trying to check 6282162683073...
2022-11-13 23:12:26 INFO Detect that account 6281340801501 is normal
2022-11-13 23:12:26 INFO Detect that account 6282162683073 is normal
2022-11-13 23:12:27 INFO Trying to check 62895406558878...
2022-11-13 23:12:28 INFO Detect that account 62895406558878 is normal
2022-11-13 23:12:37 INFO Detect that account 79615597720 is banned
2022-11-13 23:29:25 INFO GET /accounts
2022-11-13 23:29:28 INFO GET /inviter
2022-11-13 23:29:30 INFO GET /inviter
2022-11-13 23:29:41 INFO GET /static/styles/style.css
2022-11-13 23:29:41 INFO GET /static/imgs/rompegram_logo.png
2022-11-13 23:29:41 INFO GET /static/imgs/545605739.jpg
2022-11-13 23:29:41 INFO GET /static/imgs/1190584904.jpg
2022-11-13 23:29:41 INFO GET /static/imgs/5059220226.png
2022-11-13 23:29:41 INFO GET /static/imgs/190444089.jpg
2022-11-13 23:29:42 INFO GET /static/imgs/998237924.jpg
2022-11-13 23:29:42 INFO GET /static/imgs/1681893477.png
2022-11-13 23:29:48 INFO GET /static/imgs/546515070.jpg
2022-11-13 23:29:48 INFO GET /static/imgs/2106524093.png
2022-11-13 23:29:48 INFO GET /static/scripts/logging.js
2022-11-13 23:29:53 INFO GET /static/scripts/inviter.js
2022-11-13 23:29:53 INFO GET /static/scripts/accounts_filter.js
2022-11-13 23:29:53 INFO GET /static/scripts/accounts_table.js
2022-11-13 23:29:53 INFO GET /static/imgs/1775695916.jpg
2022-11-13 23:29:53 INFO GET /static/imgs/285262722.jpg
2022-11-13 23:30:09 ERROR Page /static/imgs/1775695916.jpg not found
2022-11-13 23:30:10 ERROR Page /static/imgs/285262722.jpg not found
2022-11-13 23:30:14 INFO GET /static/imgs/rompegram_icon.png
2022-11-13 23:30:14 INFO GET /static/imgs/rompegram_icon.png
2022-11-13 23:30:24 INFO POST /inviter
2022-11-13 23:30:41 INFO GET /inviter
2022-11-13 23:30:59 INFO GET /static/styles/style.css
2022-11-13 23:30:59 INFO GET /static/imgs/rompegram_logo.png
2022-11-13 23:31:00 INFO GET /static/scripts/logging.js
2022-11-13 23:31:00 INFO GET /static/scripts/inviter.js
2022-11-13 23:31:00 INFO GET /static/imgs/1775695916.jpg
2022-11-13 23:31:00 INFO GET /static/scripts/accounts_table.js
2022-11-13 23:31:00 INFO GET /static/scripts/accounts_filter.js
2022-11-13 23:31:00 INFO GET /static/imgs/285262722.jpg
2022-11-13 23:31:08 ERROR Page /static/imgs/285262722.jpg not found
2022-11-13 23:31:08 INFO GET /static/imgs/545605739.jpg
2022-11-13 23:31:08 INFO GET /static/imgs/998237924.jpg
2022-11-13 23:31:09 ERROR Page /static/imgs/1775695916.jpg not found
2022-11-13 23:31:09 INFO GET /static/imgs/1190584904.jpg
2022-11-13 23:31:09 INFO GET /static/imgs/190444089.jpg
2022-11-13 23:31:09 INFO GET /static/imgs/2106524093.png
2022-11-13 23:31:09 INFO GET /static/imgs/1681893477.png
2022-11-13 23:31:21 INFO GET /api/logging
2022-11-13 23:31:21 INFO GET /api/logging
2022-11-13 23:31:22 INFO GET /api/logging
2022-11-13 23:31:22 INFO GET /api/logging
2022-11-13 23:31:23 INFO GET /api/logging
2022-11-13 23:31:23 INFO GET /api/logging
2022-11-13 23:31:28 INFO GET /api/logging
2022-11-13 23:31:36 INFO GET /api/logging
2022-11-13 23:31:38 INFO GET /api/logging
2022-11-13 23:31:39 INFO GET /api/logging
2022-11-13 23:31:40 INFO GET /api/logging
2022-11-13 23:31:41 INFO GET /api/logging
2022-11-13 23:31:42 INFO GET /api/logging
2022-11-13 23:31:43 INFO GET /api/logging
2022-11-13 23:31:48 INFO GET /api/logging
2022-11-13 23:31:48 INFO GET /api/logging
2022-11-13 23:31:49 INFO GET /api/logging
2022-11-13 23:31:54 INFO GET /static/styles/style.css
2022-11-13 23:31:55 INFO GET /api/logging
2022-11-13 23:31:56 INFO GET /api/logging
2022-11-13 23:32:09 INFO GET /static/imgs/546515070.jpg
2022-11-13 23:32:09 INFO GET /static/imgs/5059220226.png
2022-11-13 23:32:10 INFO GET /static/imgs/rompegram_icon.png
2022-11-13 23:40:40 INFO GET /
2022-11-13 23:40:45 INFO GET /static/styles/style.css
2022-11-13 23:40:45 INFO GET /static/scripts/main.js
2022-11-13 23:40:45 INFO GET /static/imgs/rompegram_logo.png
2022-11-13 23:40:47 INFO GET /accounts
2022-11-13 23:40:58 INFO GET /static/styles/style.css
2022-11-13 23:40:58 INFO GET /static/imgs/rompegram_logo.png
2022-11-13 23:40:59 INFO GET /static/scripts/accounts.js
2022-11-13 23:40:59 INFO GET /static/scripts/accounts_filter.js
2022-11-13 23:40:59 INFO GET /static/imgs/1775695916.jpg
2022-11-13 23:41:12 INFO GET /static/imgs/285262722.jpg
2022-11-13 23:41:12 INFO GET /static/imgs/1190584904.jpg
2022-11-13 23:41:12 INFO GET /static/imgs/190444089.jpg
2022-11-13 23:41:14 INFO GET /static/imgs/2106524093.png
2022-11-13 23:41:14 ERROR Page /static/imgs/1775695916.jpg not found
2022-11-13 23:41:15 INFO GET /static/imgs/1681893477.png
2022-11-13 23:41:15 INFO GET /static/imgs/545605739.jpg
2022-11-13 23:41:26 ERROR Page /static/imgs/285262722.jpg not found
2022-11-13 23:41:26 INFO GET /static/imgs/998237924.jpg
2022-11-13 23:41:29 INFO GET /static/imgs/546515070.jpg
2022-11-13 23:41:29 INFO GET /static/imgs/5059220226.png
2022-11-13 23:41:29 INFO GET /static/imgs/rompegram_icon.png
2022-11-13 23:42:01 INFO GET /api/move_account_to_archive
2022-11-13 23:42:01 INFO GET /api/move_account_to_archive
2022-11-13 23:42:01 INFO GET /api/move_account_to_archive
2022-11-13 23:42:01 INFO GET /api/move_account_to_archive
2022-11-13 23:42:01 INFO GET /api/move_account_to_archive
2022-11-13 23:42:01 INFO GET /api/move_account_to_archive
2022-11-13 23:42:22 INFO GET /api/move_account_to_archive
2022-11-13 23:42:22 INFO GET /api/move_account_to_archive
2022-11-13 23:42:22 INFO GET /api/move_account_to_archive
2022-11-13 23:42:22 INFO GET /api/move_account_to_archive
2022-11-13 23:42:22 INFO GET /api/move_account_to_archive
2022-11-13 23:42:22 INFO GET /api/move_account_to_archive
2022-11-13 23:44:43 INFO GET /accounts
2022-11-13 23:44:46 INFO GET /static/styles/style.css
2022-11-13 23:44:47 INFO GET /static/scripts/accounts.js
2022-11-13 23:44:47 INFO GET /static/imgs/1190584904.jpg
2022-11-13 23:44:47 INFO GET /static/imgs/2106524093.png
2022-11-13 23:44:47 INFO GET /static/imgs/190444089.jpg
2022-11-13 23:44:47 INFO GET /static/imgs/998237924.jpg
2022-11-13 23:44:47 INFO GET /static/imgs/1681893477.png
2022-11-13 23:44:54 INFO GET /static/scripts/accounts_filter.js
2022-11-13 23:44:54 INFO GET /static/imgs/rompegram_logo.png
2022-11-13 23:44:54 INFO GET /static/imgs/1775695916.jpg
2022-11-13 23:44:54 INFO GET /static/imgs/285262722.jpg
2022-11-13 23:44:54 INFO GET /static/imgs/545605739.jpg
2022-11-13 23:44:54 ERROR Page /static/imgs/1775695916.jpg not found
2022-11-13 23:44:54 ERROR Page /static/imgs/285262722.jpg not found
2022-11-13 23:44:54 INFO GET /static/imgs/546515070.jpg
2022-11-13 23:44:54 INFO GET /static/imgs/5059220226.png
2022-11-13 23:44:54 INFO GET /static/imgs/rompegram_icon.png
2022-11-13 23:44:55 INFO GET /static/imgs/rompegram_icon.png
2022-11-13 23:45:06 INFO GET /api/move_account_to_archive
2022-11-13 23:45:06 INFO GET /api/move_account_to_archive
2022-11-13 23:45:06 INFO GET /api/move_account_to_archive
2022-11-13 23:45:06 INFO GET /api/move_account_to_archive
2022-11-13 23:45:06 INFO GET /api/move_account_to_archive
2022-11-13 23:45:06 INFO GET /api/move_account_to_archive
2022-11-13 23:45:06 INFO GET /api/move_account_to_archive
2022-11-13 23:45:07 INFO GET /api/move_account_to_archive
2022-11-13 23:45:07 INFO GET /api/move_account_to_archive
2022-11-13 23:45:07 INFO GET /api/move_account_to_archive
2022-11-13 23:45:07 INFO GET /api/move_account_to_archive
2022-11-13 23:45:07 INFO GET /api/move_account_to_archive
2022-11-13 23:45:07 INFO GET /api/move_account_to_archive
2022-11-13 23:45:07 INFO GET /api/move_account_to_archive
2022-11-13 23:45:07 INFO GET /api/move_account_to_archive
2022-11-13 23:45:07 INFO GET /api/move_account_to_archive
2022-11-13 23:45:07 INFO GET /api/move_account_to_archive
2022-11-13 23:45:07 INFO GET /api/move_account_to_archive
2022-11-13 23:45:07 INFO GET /api/move_account_to_archive
2022-11-13 23:45:08 INFO GET /api/move_account_to_archive
2022-11-13 23:45:08 INFO GET /api/move_account_to_archive
2022-11-13 23:45:08 INFO GET /api/move_account_to_archive
2022-11-13 23:45:13 INFO GET /accounts
2022-11-13 23:45:13 INFO GET /static/styles/style.css
2022-11-13 23:45:13 INFO GET /static/scripts/accounts.js
2022-11-13 23:45:14 INFO GET /static/scripts/accounts_filter.js
2022-11-13 23:45:14 INFO GET /static/imgs/rompegram_logo.png
2022-11-13 23:45:14 INFO GET /static/imgs/rompegram_icon.png
2022-11-13 23:45:14 INFO GET /static/imgs/rompegram_icon.png
2022-11-13 23:45:25 INFO GET /accounts
2022-11-13 23:45:25 INFO GET /static/styles/style.css
2022-11-13 23:45:25 INFO GET /static/scripts/accounts.js
2022-11-13 23:45:25 INFO GET /static/scripts/accounts_filter.js
2022-11-13 23:45:25 INFO GET /static/imgs/rompegram_logo.png
2022-11-13 23:45:26 INFO GET /static/imgs/rompegram_icon.png
2022-11-13 23:45:26 INFO GET /static/imgs/rompegram_icon.png
2022-11-13 23:45:54 INFO POST /accounts
2022-11-13 23:45:55 INFO GET /accounts
2022-11-13 23:45:55 INFO GET /static/styles/style.css
2022-11-13 23:45:55 INFO GET /static/scripts/accounts.js
2022-11-13 23:45:56 INFO GET /static/scripts/accounts_filter.js
2022-11-13 23:45:56 INFO GET /static/imgs/rompegram_logo.png
2022-11-13 23:45:56 INFO GET /static/imgs/rompegram_icon.png
2022-11-13 23:46:00 INFO GET /api/check_account
2022-11-13 23:46:01 INFO Trying to check 79918028291...
2022-11-13 23:46:07 INFO Detect that account 79918028291 is banned
2022-11-13 23:46:12 INFO GET /api/check_account
2022-11-13 23:46:13 INFO GET /api/check_account
2022-11-13 23:46:13 INFO GET /api/check_account
2022-11-13 23:46:13 INFO GET /api/check_account
2022-11-13 23:46:13 INFO GET /api/check_account
2022-11-13 23:46:13 INFO Trying to check 79918397889...
2022-11-13 23:46:14 INFO Trying to check 79918398027...
2022-11-13 23:46:14 INFO Trying to check 79918547898...
2022-11-13 23:46:14 INFO Trying to check 79918547906...
2022-11-13 23:46:14 INFO Trying to check 79918028291...
2022-11-13 23:46:20 INFO Detect that account 79918397889 is banned
2022-11-13 23:46:20 INFO Detect that account 79918398027 is banned
2022-11-13 23:46:20 INFO Detect that account 79918547906 is banned
2022-11-13 23:46:20 INFO Detect that account 79918547898 is banned
2022-11-13 23:46:20 INFO Detect that account 79918028291 is banned
2022-11-13 23:57:48 INFO GET /accounts
2022-11-13 23:57:48 INFO GET /static/styles/style.css
2022-11-13 23:57:48 INFO GET /static/scripts/accounts.js
2022-11-13 23:57:48 INFO GET /static/scripts/accounts_filter.js
2022-11-13 23:57:49 INFO GET /static/imgs/rompegram_logo.png
2022-11-13 23:57:49 INFO GET /static/imgs/rompegram_icon.png
2022-11-13 23:57:49 INFO GET /static/imgs/rompegram_icon.png
2022-11-13 23:57:51 INFO GET /api/delete_account
2022-11-13 23:57:52 INFO GET /api/delete_account
2022-11-13 23:57:52 INFO GET /api/delete_account
2022-11-13 23:57:52 INFO GET /api/delete_account
2022-11-13 23:57:52 INFO GET /api/delete_account
2022-11-13 23:57:56 INFO POST /archive_accounts_action
2022-11-13 23:57:56 INFO POST /archive_accounts_action - 500
2022-11-13 23:57:56 INFO GET /static/imgs/rompegram_logo.png
2022-11-13 23:57:57 INFO GET /static/imgs/rompegram_logo.png
2022-11-13 23:58:34 INFO GET /
2022-11-13 23:58:34 INFO GET /static/styles/style.css
2022-11-13 23:58:34 INFO GET /static/scripts/main.js
2022-11-13 23:58:34 INFO GET /static/imgs/rompegram_logo.png
2022-11-13 23:58:34 INFO GET /static/imgs/rompegram_icon.png
2022-11-13 23:58:36 INFO GET /accounts
2022-11-13 23:58:36 INFO GET /static/styles/style.css
2022-11-13 23:58:36 INFO GET /static/scripts/accounts.js
2022-11-13 23:58:36 INFO GET /static/imgs/190444089.jpg
2022-11-13 23:58:36 INFO GET /static/imgs/1681893477.png
2022-11-13 23:58:36 INFO GET /static/imgs/1190584904.jpg
2022-11-13 23:58:36 INFO GET /static/imgs/2106524093.png
2022-11-13 23:58:36 INFO GET /static/imgs/998237924.jpg
2022-11-13 23:58:36 INFO GET /static/scripts/accounts_filter.js
2022-11-13 23:58:37 INFO GET /static/imgs/rompegram_logo.png
2022-11-13 23:58:37 INFO GET /static/imgs/285262722.jpg
2022-11-13 23:58:37 INFO GET /static/imgs/545605739.jpg
2022-11-13 23:58:37 INFO GET /static/imgs/1775695916.jpg
2022-11-13 23:58:37 INFO GET /static/imgs/546515070.jpg
2022-11-13 23:58:37 INFO GET /static/imgs/5059220226.png
2022-11-13 23:58:37 ERROR Page /static/imgs/285262722.jpg not found
2022-11-13 23:58:37 ERROR Page /static/imgs/1775695916.jpg not found
2022-11-13 23:58:37 INFO GET /static/imgs/rompegram_icon.png
2022-11-14 11:57:24 INFO GET /
2022-11-14 11:57:24 INFO GET /static/styles/style.css
2022-11-14 11:57:24 INFO GET /static/imgs/rompegram_logo.png
2022-11-14 11:57:25 INFO GET /static/styles/style.css
2022-11-14 11:57:25 INFO GET /static/scripts/main.js
2022-11-14 11:57:25 INFO GET /static/imgs/rompegram_icon.png
2022-11-14 11:57:26 INFO GET /accounts_registrar
2022-11-14 11:57:26 INFO GET /static/styles/style.css
2022-11-14 11:57:26 INFO GET /static/imgs/rompegram_logo.png
2022-11-14 11:57:26 INFO GET /static/scripts/logging.js
2022-11-14 11:57:26 INFO GET /static/scripts/accounts_registrar.js
2022-11-14 11:57:27 INFO GET /static/imgs/rompegram_icon.png
2022-11-14 13:49:06 INFO GET /
2022-11-14 13:49:06 INFO GET /static/styles/style.css
2022-11-14 13:49:06 INFO GET /static/imgs/rompegram_logo.png
2022-11-14 13:49:07 INFO GET /static/styles/style.css
2022-11-14 13:49:07 INFO GET /static/scripts/main.js
2022-11-14 13:49:07 INFO GET /static/imgs/rompegram_icon.png
2022-11-14 13:49:13 INFO GET /reaction_booster
2022-11-14 13:49:13 INFO GET /static/styles/style.css
2022-11-14 13:49:14 INFO GET /static/imgs/rompegram_logo.png
2022-11-14 13:49:14 INFO GET /static/scripts/logging.js
2022-11-14 13:49:14 INFO GET /static/scripts/reaction_booster.js
2022-11-14 13:49:14 INFO GET /static/scripts/accounts_filter.js
2022-11-14 13:49:14 INFO GET /static/scripts/accounts_table.js
2022-11-14 13:49:14 INFO GET /static/imgs/1775695916.jpg
2022-11-14 13:49:14 ERROR Page /static/imgs/1775695916.jpg not found
2022-11-14 13:49:14 INFO GET /static/imgs/285262722.jpg
2022-11-14 13:49:14 ERROR Page /static/imgs/285262722.jpg not found
2022-11-14 13:49:14 INFO GET /static/imgs/545605739.jpg
2022-11-14 13:49:14 INFO GET /static/imgs/998237924.jpg
2022-11-14 13:49:14 INFO GET /static/imgs/1190584904.jpg
2022-11-14 13:49:14 INFO GET /static/imgs/190444089.jpg
2022-11-14 13:49:14 INFO GET /static/imgs/2106524093.png
2022-11-14 13:49:14 INFO GET /static/imgs/1681893477.png
2022-11-14 13:49:15 INFO GET /static/imgs/546515070.jpg
2022-11-14 13:49:15 INFO GET /static/imgs/5059220226.png
2022-11-14 13:49:15 INFO GET /static/imgs/rompegram_icon.png
2022-11-14 13:50:13 INFO POST /reaction_booster
2022-11-14 13:50:13 INFO GET /reaction_booster
2022-11-14 13:50:14 INFO GET /static/styles/style.css
2022-11-14 13:50:14 INFO GET /static/imgs/rompegram_logo.png
2022-11-14 13:50:14 INFO GET /static/scripts/logging.js
2022-11-14 13:50:14 INFO GET /static/scripts/reaction_booster.js
2022-11-14 13:50:14 INFO GET /static/scripts/accounts_filter.js
2022-11-14 13:50:14 INFO GET /static/scripts/accounts_table.js
2022-11-14 13:50:14 INFO GET /static/imgs/1775695916.jpg
2022-11-14 13:50:14 ERROR Page /static/imgs/1775695916.jpg not found
2022-11-14 13:50:14 INFO GET /static/imgs/285262722.jpg
2022-11-14 13:50:14 ERROR Page /static/imgs/285262722.jpg not found
2022-11-14 13:50:15 INFO GET /static/imgs/545605739.jpg
2022-11-14 13:50:15 INFO GET /static/imgs/998237924.jpg
2022-11-14 13:50:15 INFO GET /static/imgs/1190584904.jpg
2022-11-14 13:50:15 INFO GET /static/imgs/190444089.jpg
2022-11-14 13:50:15 INFO GET /static/imgs/2106524093.png
2022-11-14 13:50:15 INFO GET /static/imgs/1681893477.png
2022-11-14 13:50:15 INFO GET /static/imgs/546515070.jpg
2022-11-14 13:50:15 INFO GET /static/imgs/5059220226.png
2022-11-14 13:50:15 INFO GET /static/imgs/rompegram_icon.png
2022-11-14 13:50:16 INFO GET /api/logging
2022-11-14 13:50:16 INFO GET /api/logging
2022-11-14 13:50:18 INFO GET /api/logging
2022-11-14 13:50:18 INFO GET /api/logging
2022-11-14 13:50:20 INFO GET /api/logging
2022-11-14 13:50:20 INFO GET /api/logging
2022-11-14 13:50:22 INFO GET /api/logging
2022-11-14 13:50:22 INFO GET /api/logging
2022-11-14 13:50:24 INFO GET /api/logging
2022-11-14 13:50:24 INFO GET /api/logging
2022-11-14 13:50:26 INFO GET /api/logging
2022-11-14 13:50:26 INFO GET /api/logging
2022-11-14 13:50:28 INFO GET /api/logging
2022-11-14 18:50:46 INFO GET /
2022-11-14 18:50:48 INFO GET /static/styles/style.css
2022-11-14 18:50:48 INFO GET /static/styles/style.css
2022-11-14 18:50:48 INFO GET /static/imgs/rompegram_logo.png
2022-11-14 18:50:48 INFO GET /static/scripts/main.js
2022-11-14 18:50:50 INFO GET /static/imgs/rompegram_icon.png
2022-11-14 18:50:52 INFO GET /accounts
2022-11-14 18:50:56 INFO GET /static/styles/style.css
2022-11-14 18:50:56 INFO GET /static/imgs/rompegram_logo.png
2022-11-14 18:50:56 INFO GET /static/scripts/accounts.js
2022-11-14 18:50:56 INFO GET /static/scripts/accounts_filter.js
2022-11-14 18:50:56 INFO GET /static/imgs/1775695916.jpg
2022-11-14 18:50:56 INFO GET /static/imgs/285262722.jpg
2022-11-14 18:50:56 INFO GET /static/imgs/545605739.jpg
2022-11-14 18:50:56 INFO GET /static/imgs/998237924.jpg
2022-11-14 18:50:57 ERROR Page /static/imgs/285262722.jpg not found
2022-11-14 18:50:57 ERROR Page /static/imgs/1775695916.jpg not found
2022-11-14 18:50:57 INFO GET /static/imgs/190444089.jpg
2022-11-14 18:50:57 INFO GET /static/imgs/1681893477.png
2022-11-14 18:50:57 INFO GET /static/imgs/2106524093.png
2022-11-14 18:50:57 INFO GET /static/imgs/1190584904.jpg
2022-11-14 18:50:57 INFO GET /static/imgs/546515070.jpg
2022-11-14 18:50:57 INFO GET /static/imgs/5059220226.png
2022-11-14 18:50:57 INFO GET /static/imgs/rompegram_icon.png
2022-11-14 18:51:03 INFO GET /api/check_account
2022-11-14 18:51:04 INFO Trying to check 6281339533852...
2022-11-14 18:51:05 INFO Detect that account 6281339533852 is normal
2022-11-14 18:51:22 INFO GET /api/check_account
2022-11-14 18:51:22 INFO GET /api/check_account
2022-11-14 18:51:22 INFO GET /api/check_account
2022-11-14 18:51:22 INFO GET /api/check_account
2022-11-14 18:51:22 INFO GET /api/check_account
2022-11-14 18:51:22 INFO GET /api/check_account
2022-11-14 18:51:26 INFO Trying to check 6281339533852...
2022-11-14 18:51:26 INFO Trying to check 6281340801462...
2022-11-14 18:51:26 INFO Trying to check 6281339694348...
2022-11-14 18:51:27 INFO Trying to check 6281339926515...
2022-11-14 18:51:27 INFO Trying to check 6281339684581...
2022-11-14 18:51:27 INFO Trying to check 6281339534878...
2022-11-14 18:51:30 INFO Detect that account 6281339684581 is normal
2022-11-14 18:51:30 INFO Detect that account 6281339534878 is normal
2022-11-14 18:51:30 INFO Detect that account 6281340801462 is normal
2022-11-14 18:51:30 INFO Detect that account 6281339926515 is normal
2022-11-14 18:51:30 INFO GET /api/check_account
2022-11-14 18:51:30 INFO GET /api/check_account
2022-11-14 18:51:30 INFO GET /api/check_account
2022-11-14 18:51:30 INFO GET /api/check_account
2022-11-14 18:51:32 INFO Trying to check 6282162683073...
2022-11-14 18:51:32 INFO Trying to check 6281340801501...
2022-11-14 18:51:32 INFO Trying to check 62895406558878...
2022-11-14 18:51:32 INFO Trying to check 79615597720...
2022-11-14 18:51:33 INFO Detect that account 6281340801501 is normal
2022-11-14 18:51:33 INFO Detect that account 62895406558878 is normal
2022-11-14 18:51:33 INFO GET /api/check_account
2022-11-14 18:51:33 INFO GET /api/check_account
2022-11-14 18:51:36 INFO Detect that account 6281339533852 is normal
2022-11-14 18:51:36 INFO GET /api/check_account
2022-11-14 18:51:37 INFO Detect that account 6282162683073 is normal
2022-11-14 18:51:37 INFO GET /api/check_account
2022-11-14 18:51:40 INFO Trying to check 79615597724...
2022-11-14 18:51:40 INFO Trying to check 79615605181...
2022-11-14 18:51:43 INFO Detect that account 79615597720 is banned
2022-11-14 18:51:43 INFO GET /api/check_account
2022-11-14 18:51:44 INFO Detect that account 6281339694348 is normal
2022-11-14 18:51:45 INFO GET /api/check_account
2022-11-14 18:51:46 INFO Trying to check 79615606369...
2022-11-14 18:51:47 INFO Trying to check 79615609251...
2022-11-14 18:51:49 INFO Detect that account 79615597724 is normal
2022-11-14 18:51:49 INFO GET /api/check_account
2022-11-14 18:51:50 INFO Detect that account 79615605181 is normal
2022-11-14 18:51:51 INFO GET /api/check_account
2022-11-14 18:51:53 INFO Trying to check 79615609254...
2022-11-14 18:51:54 INFO Detect that account 79615606369 is normal
2022-11-14 18:51:55 INFO Detect that account 79615609251 is normal
2022-11-14 18:51:55 INFO GET /api/check_account
2022-11-14 18:51:55 INFO GET /api/check_account
2022-11-14 18:51:55 INFO Trying to check 79615609310...
2022-11-14 18:52:05 INFO Detect that account 79615609254 is normal
2022-11-14 18:52:05 INFO GET /api/check_account
2022-11-14 18:52:09 INFO Trying to check 79615612682...
2022-11-14 18:52:14 INFO Detect that account 79615609310 is normal
2022-11-14 18:52:24 INFO Trying to check 79917197699...
2022-11-14 18:52:24 INFO Trying to check 79917197648...
2022-11-14 18:52:24 INFO Trying to check 79917197477...
2022-11-14 18:52:31 INFO GET /static/styles/style.css
2022-11-14 18:52:37 INFO Detect that account 79917197477 is normal
2022-11-14 18:52:46 INFO Detect that account 79917197648 is normal
2022-11-14 18:52:50 INFO Detect that account 79615612682 is normal
2022-11-14 18:52:53 INFO Detect that account 79917197699 is banned
2022-11-14 18:53:06 INFO GET /api/check_account
2022-11-14 18:53:26 INFO Trying to check 79615609567...
2022-11-14 18:53:54 INFO Detect that account 79615609567 is normal
2022-11-14 19:14:42 INFO GET /
2022-11-14 19:14:45 INFO GET /static/styles/style.css
2022-11-14 19:14:45 INFO GET /static/styles/style.css
2022-11-14 19:14:46 INFO GET /static/imgs/rompegram_logo.png
2022-11-14 19:14:46 INFO GET /static/scripts/main.js
2022-11-14 19:14:46 INFO GET /static/scripts/main.js
2022-11-14 19:14:46 INFO GET /static/imgs/rompegram_icon.png
2022-11-14 19:14:47 INFO GET /accounts
2022-11-14 19:14:47 INFO GET /static/styles/style.css
2022-11-14 19:14:47 INFO GET /static/imgs/rompegram_logo.png
2022-11-14 19:14:47 INFO GET /static/imgs/2106524093.png
2022-11-14 19:14:47 INFO GET /static/imgs/998237924.jpg
2022-11-14 19:14:47 INFO GET /static/imgs/190444089.jpg
2022-11-14 19:14:47 INFO GET /static/imgs/1190584904.jpg
2022-11-14 19:14:47 INFO GET /static/imgs/1681893477.png
2022-11-14 19:14:48 INFO GET /static/scripts/accounts.js
2022-11-14 19:14:48 INFO GET /static/scripts/accounts_filter.js
2022-11-14 19:14:48 INFO GET /static/imgs/1775695916.jpg
2022-11-14 19:14:48 INFO GET /static/imgs/285262722.jpg
2022-11-14 19:14:48 INFO GET /static/imgs/545605739.jpg
2022-11-14 19:14:48 ERROR Page /static/imgs/1775695916.jpg not found
2022-11-14 19:14:48 ERROR Page /static/imgs/285262722.jpg not found
2022-11-14 19:14:48 INFO GET /static/imgs/546515070.jpg
2022-11-14 19:14:48 INFO GET /static/imgs/5059220226.png
2022-11-14 19:14:48 INFO GET /static/imgs/rompegram_icon.png
2022-11-14 19:15:14 INFO GET /api/check_account
2022-11-14 19:15:14 INFO GET /api/check_account
2022-11-14 19:15:14 INFO GET /api/check_account
2022-11-14 19:15:14 INFO GET /api/check_account
2022-11-14 19:15:14 INFO GET /api/check_account
2022-11-14 19:15:14 INFO GET /api/check_account
2022-11-14 19:15:15 INFO Trying to check 6281339534878...
2022-11-14 19:15:15 INFO Trying to check 6281339694348...
2022-11-14 19:15:15 INFO Trying to check 6281339684581...
2022-11-14 19:15:15 INFO Trying to check 6281339926515...
2022-11-14 19:15:15 INFO Trying to check 6281339533852...
2022-11-14 19:15:15 INFO Trying to check 6281340801462...
2022-11-14 19:15:18 INFO Detect that account 6281339684581 is normal
2022-11-14 19:15:19 INFO GET /api/check_account
2022-11-14 19:15:19 INFO Detect that account 6281339533852 is normal
2022-11-14 19:15:19 INFO Detect that account 6281339926515 is normal
2022-11-14 19:15:19 INFO Trying to check 6281340801501...
2022-11-14 19:15:19 INFO GET /api/check_account
2022-11-14 19:15:19 INFO GET /api/check_account
2022-11-14 19:15:20 INFO Detect that account 6281339694348 is normal
2022-11-14 19:15:20 INFO Trying to check 6282162683073...
2022-11-14 19:15:20 INFO GET /api/check_account
2022-11-14 19:15:20 INFO Trying to check 62895406558878...
2022-11-14 19:15:20 INFO Trying to check 79615597720...
2022-11-14 19:15:22 INFO Detect that account 6281340801501 is normal
2022-11-14 19:15:23 INFO GET /api/check_account
2022-11-14 19:15:23 INFO Trying to check 79615597724...
2022-11-14 19:15:24 INFO Detect that account 6282162683073 is normal
2022-11-14 19:15:24 INFO GET /api/check_account
2022-11-14 19:15:25 INFO Trying to check 79615609567...
2022-11-14 19:15:25 INFO Detect that account 6281339534878 is normal
2022-11-14 19:15:25 INFO GET /api/check_account
2022-11-14 19:15:26 INFO Trying to check 79615605181...
2022-11-14 19:15:26 INFO Detect that account 79615597724 is normal
2022-11-14 19:15:26 INFO GET /api/check_account
2022-11-14 19:15:27 INFO Trying to check 79615606369...
2022-11-14 19:15:29 INFO Detect that account 79615605181 is normal
2022-11-14 19:15:29 INFO Detect that account 6281340801462 is normal
2022-11-14 19:15:29 INFO GET /api/check_account
2022-11-14 19:15:29 INFO GET /api/check_account
2022-11-14 19:15:30 INFO Trying to check 79615609251...
2022-11-14 19:15:30 INFO Trying to check 79615609254...
2022-11-14 19:15:31 INFO Detect that account 79615606369 is normal
2022-11-14 19:15:31 INFO GET /api/check_account
2022-11-14 19:15:31 INFO Detect that account 79615597720 is banned
2022-11-14 19:15:31 INFO Detect that account 62895406558878 is normal
2022-11-14 19:15:32 INFO GET /api/check_account
2022-11-14 19:15:32 INFO GET /api/check_account
2022-11-14 19:15:32 INFO Detect that account 79615609567 is normal
2022-11-14 19:15:32 INFO GET /api/check_account
2022-11-14 19:15:34 INFO Trying to check 79615609310...
2022-11-14 19:15:43 INFO GET /api/check_account
2022-11-14 19:16:28 INFO Detect that account 79615609254 is normal
2022-11-14 19:16:32 INFO Detect that account 79615609251 is normal
2022-11-14 19:17:25 INFO GET /static/styles/style.css
2022-11-14 19:27:28 INFO GET /accounts
2022-11-14 19:27:28 INFO GET /static/styles/style.css
2022-11-14 19:27:28 INFO GET /static/scripts/accounts.js
2022-11-14 19:27:29 INFO GET /static/imgs/2106524093.png
2022-11-14 19:27:29 INFO GET /static/imgs/190444089.jpg
2022-11-14 19:27:29 INFO GET /static/imgs/1190584904.jpg
2022-11-14 19:27:29 INFO GET /static/imgs/1681893477.png
2022-11-14 19:27:29 INFO GET /static/scripts/accounts_filter.js
2022-11-14 19:27:29 INFO GET /static/imgs/rompegram_logo.png
2022-11-14 19:27:29 INFO GET /static/imgs/1775695916.jpg
2022-11-14 19:27:29 INFO GET /static/imgs/285262722.jpg
2022-11-14 19:27:29 INFO GET /static/imgs/545605739.jpg
2022-11-14 19:27:29 INFO GET /static/imgs/998237924.jpg
2022-11-14 19:27:29 INFO GET /static/imgs/546515070.jpg
2022-11-14 19:27:29 INFO GET /static/imgs/5059220226.png
2022-11-14 19:27:29 ERROR Page /static/imgs/1775695916.jpg not found
2022-11-14 19:27:29 ERROR Page /static/imgs/285262722.jpg not found
2022-11-14 19:27:29 INFO GET /static/imgs/rompegram_icon.png
2022-11-14 19:27:30 INFO GET /static/imgs/rompegram_icon.png
2022-11-14 19:27:32 INFO GET /api/check_account
2022-11-14 19:27:32 INFO GET /api/check_account
2022-11-14 19:27:32 INFO GET /api/check_account
2022-11-14 19:27:32 INFO GET /api/check_account
2022-11-14 19:27:32 INFO GET /api/check_account
2022-11-14 19:27:32 INFO GET /api/check_account
2022-11-14 19:27:32 INFO Trying to check 6281339533852...
2022-11-14 19:27:33 INFO Trying to check 6281339694348...
2022-11-14 19:27:33 INFO Trying to check 6281339926515...
2022-11-14 19:27:33 INFO Trying to check 6281339534878...
2022-11-14 19:27:33 INFO Trying to check 6281340801462...
2022-11-14 19:27:33 INFO Trying to check 6281339684581...
2022-11-14 19:27:36 INFO Detect that account 6281340801462 is normal
2022-11-14 19:27:36 INFO Detect that account 6281339534878 is normal
2022-11-14 19:27:36 INFO GET /api/check_account
2022-11-14 19:27:36 INFO GET /api/check_account
2022-11-14 19:27:36 INFO Detect that account 6281339694348 is normal
2022-11-14 19:27:36 INFO Detect that account 6281339926515 is normal
2022-11-14 19:27:37 INFO Trying to check 6281340801501...
2022-11-14 19:27:37 INFO GET /api/check_account
2022-11-14 19:27:37 INFO GET /api/check_account
2022-11-14 19:27:37 INFO Detect that account 6281339533852 is normal
2022-11-14 19:27:37 INFO Trying to check 6282162683073...
2022-11-14 19:27:37 INFO GET /api/check_account
2022-11-14 19:27:37 INFO Trying to check 62895406558878...
2022-11-14 19:27:37 INFO Trying to check 79615597720...
2022-11-14 19:27:38 INFO Trying to check 79615597724...
2022-11-14 19:27:41 INFO Detect that account 62895406558878 is normal
2022-11-14 19:27:42 INFO GET /api/check_account
2022-11-14 19:27:42 INFO Trying to check 79615605181...
2022-11-14 19:27:43 INFO Detect that account 79615597724 is normal
2022-11-14 19:27:43 INFO GET /api/check_account
2022-11-14 19:27:44 INFO Detect that account 6282162683073 is normal
2022-11-14 19:27:44 INFO GET /api/check_account
2022-11-14 19:27:44 INFO Trying to check 79615606369...
2022-11-14 19:27:45 INFO Trying to check 79615609251...
2022-11-14 19:27:46 INFO Detect that account 79615605181 is normal
2022-11-14 19:27:46 INFO GET /api/check_account
2022-11-14 19:27:47 INFO Trying to check 79615609254...
2022-11-14 19:27:47 INFO Detect that account 6281340801501 is normal
2022-11-14 19:27:47 INFO Detect that account 6281339684581 is normal
2022-11-14 19:27:47 INFO GET /api/check_account
2022-11-14 19:27:47 INFO GET /api/check_account
2022-11-14 19:27:48 INFO Trying to check 79615609567...
2022-11-14 19:27:48 INFO Trying to check 79615609310...
2022-11-14 19:27:48 INFO Detect that account 79615606369 is normal
2022-11-14 19:27:48 INFO Detect that account 79615609251 is normal
2022-11-14 19:27:48 INFO Detect that account 79615597720 is banned
2022-11-14 19:27:48 INFO GET /api/check_account
2022-11-14 19:27:48 INFO GET /api/check_account
2022-11-14 19:27:48 INFO GET /api/check_account
2022-11-14 19:27:49 INFO Trying to check 79917197648...
2022-11-14 19:27:49 INFO Trying to check 79615612682...
2022-11-14 19:27:49 INFO Trying to check 79917197477...
2022-11-14 19:27:52 INFO Detect that account 79615612682 is normal
2022-11-14 19:27:52 INFO Detect that account 79917197477 is normal
2022-11-14 19:27:52 INFO GET /api/check_account
2022-11-14 19:27:52 INFO Detect that account 79917197648 is normal
2022-11-14 19:27:53 INFO Trying to check 79917197699...
2022-11-14 19:27:53 INFO Detect that account 79615609254 is normal
2022-11-14 19:27:53 INFO Detect that account 79615609310 is normal
2022-11-14 19:27:53 INFO Detect that account 79615609567 is normal
2022-11-14 19:28:04 INFO Detect that account 79917197699 is banned
